[debug] [2025-03-10T09:13:56.304Z] ----------------------------------------------------------------------
[debug] [2025-03-10T09:13:56.308Z] Command:       C:\Program Files\nodejs\node.exe C:\Users\Administrator\AppData\Roaming\npm\node_modules\firebase-tools\lib\bin\firebase.js init hosting
[debug] [2025-03-10T09:13:56.309Z] CLI Version:   13.33.0
[debug] [2025-03-10T09:13:56.309Z] Platform:      win32
[debug] [2025-03-10T09:13:56.309Z] Node Version:  v22.14.0
[debug] [2025-03-10T09:13:56.309Z] Time:          Mon Mar 10 2025 14:43:56 GMT+0530 (India Standard Time)
[debug] [2025-03-10T09:13:56.310Z] ----------------------------------------------------------------------
[debug] 
[debug] [2025-03-10T09:13:56.599Z] > command requires scopes: ["email","openid","https://www.googleapis.com/auth/cloudplatformprojects.readonly","https://www.googleapis.com/auth/firebase","https://www.googleapis.com/auth/cloud-platform"]
[debug] [2025-03-10T09:13:56.600Z] > authorizing via signed-in user (71762232045@cit.edu.in)
[info] 
     ######## #### ########  ######## ########     ###     ######  ########
     ##        ##  ##     ## ##       ##     ##  ##   ##  ##       ##
     ######    ##  ########  ######   ########  #########  ######  ######
     ##        ##  ##    ##  ##       ##     ## ##     ##       ## ##
     ##       #### ##     ## ######## ########  ##     ##  ######  ########

You're about to initialize a Firebase project in this directory:

  F:\Projects\cc

Before we get started, keep in mind:

  * You are initializing within an existing Firebase project directory

[info] 
=== Project Setup
[info] 
[info] First, let's associate this project directory with a Firebase project.
[info] You can create multiple project aliases by running firebase use --add, 
[info] but for now we'll just set up a default project.
[info] 
[debug] [2025-03-10T09:13:56.655Z] Using project from CLI flag: flight-delay-prediction-94357
[debug] [2025-03-10T09:13:56.658Z] Checked if tokens are valid: true, expires at: 1741601012588
[debug] [2025-03-10T09:13:56.658Z] Checked if tokens are valid: true, expires at: 1741601012588
[debug] [2025-03-10T09:13:56.661Z] >>> [apiv2][query] GET https://firebase.googleapis.com/v1beta1/projects/flight-delay-prediction-94357 [none]
[debug] [2025-03-10T09:13:57.472Z] <<< [apiv2][status] GET https://firebase.googleapis.com/v1beta1/projects/flight-delay-prediction-94357 200
[debug] [2025-03-10T09:13:57.472Z] <<< [apiv2][body] GET https://firebase.googleapis.com/v1beta1/projects/flight-delay-prediction-94357 {"projectId":"flight-delay-prediction-94357","projectNumber":"489949377134","displayName":"flight-delay-prediction","name":"projects/flight-delay-prediction-94357","resources":{"hostingSite":"flight-delay-prediction-94357"},"state":"ACTIVE","etag":"1_b7fd8530-987e-4bf3-9a6b-9e722d093928"}
[info] i  Using project flight-delay-prediction-94357 (flight-delay-prediction) 
[info] 
=== Hosting Setup
[debug] [2025-03-10T09:13:57.487Z] Checked if tokens are valid: true, expires at: 1741601012588
[debug] [2025-03-10T09:13:57.487Z] Checked if tokens are valid: true, expires at: 1741601012588
[debug] [2025-03-10T09:13:57.488Z] >>> [apiv2][query] GET https://firebase.googleapis.com/v1beta1/projects/flight-delay-prediction-94357 [none]
[debug] [2025-03-10T09:13:57.941Z] <<< [apiv2][status] GET https://firebase.googleapis.com/v1beta1/projects/flight-delay-prediction-94357 200
[debug] [2025-03-10T09:13:57.941Z] <<< [apiv2][body] GET https://firebase.googleapis.com/v1beta1/projects/flight-delay-prediction-94357 {"projectId":"flight-delay-prediction-94357","projectNumber":"489949377134","displayName":"flight-delay-prediction","name":"projects/flight-delay-prediction-94357","resources":{"hostingSite":"flight-delay-prediction-94357"},"state":"ACTIVE","etag":"1_b7fd8530-987e-4bf3-9a6b-9e722d093928"}
[info] 
[info] Your public directory is the folder (relative to your project directory) that
[info] will contain Hosting assets to be uploaded with firebase deploy. If you
[info] have a build process for your assets, use your build's output directory.
[info] 
[info] +  Wrote public/404.html 
[debug] [2025-03-10T09:15:13.346Z] >>> [apiv2][query] GET https://www.gstatic.com/firebasejs/releases.json [none]
[debug] [2025-03-10T09:15:14.073Z] <<< [apiv2][status] GET https://www.gstatic.com/firebasejs/releases.json 200
[debug] [2025-03-10T09:15:14.073Z] <<< [apiv2][body] GET https://www.gstatic.com/firebasejs/releases.json {"current":{"version":"11.4.0","browserURL":"https://www.gstatic.com/firebasejs/11.4.0/firebase.js","packageURL":"https://www.gstatic.com/firebasejs/11.4.0/firebase.tgz"},"live":{"version":"11.4","browserURL":"https://www.gstatic.com/firebasejs/live/11.4/firebase.js","packageURL":"https://www.gstatic.com/firebasejs/live/11.4/firebase.tgz"},"components":{"analytics":"https://www.gstatic.com/firebasejs/11.4.0/firebase-analytics.js","app":"https://www.gstatic.com/firebasejs/11.4.0/firebase-app.js","app-check":"https://www.gstatic.com/firebasejs/11.4.0/firebase-app-check.js","auth":"https://www.gstatic.com/firebasejs/11.4.0/firebase-auth.js","auth/cordova":"https://www.gstatic.com/firebasejs/11.4.0/firebase-auth/cordova.js","auth/web-extension":"https://www.gstatic.com/firebasejs/11.4.0/firebase-auth/web-extension.js","functions":"https://www.gstatic.com/firebasejs/11.4.0/firebase-functions.js","firestore":"https://www.gstatic.com/firebasejs/11.4.0/firebase-firestore.js","firestore/lite":"https://www.gstatic.com/firebasejs/11.4.0/firebase-firestore/lite.js","installations":"https://www.gstatic.com/firebasejs/11.4.0/firebase-installations.js","storage":"https://www.gstatic.com/firebasejs/11.4.0/firebase-storage.js","performance":"https://www.gstatic.com/firebasejs/11.4.0/firebase-performance.js","remote-config":"https://www.gstatic.com/firebasejs/11.4.0/firebase-remote-config.js","messaging":"https://www.gstatic.com/firebasejs/11.4.0/firebase-messaging.js","messaging/sw":"https://www.gstatic.com/firebasejs/11.4.0/firebase-messaging/sw.js","database":"https://www.gstatic.com/firebasejs/11.4.0/firebase-database.js","vertexai":"https://www.gstatic.com/firebasejs/11.4.0/firebase-vertexai.js","data-connect":"https://www.gstatic.com/firebasejs/11.4.0/firebase-data-connect.js","firestore.memory":"https://www.gstatic.com/firebasejs/11.4.0/firebase-firestore.memory.js"}}
[info] +  Wrote public/index.html 
[info] 
[info] i  Writing configuration info to firebase.json... 
[info] i  Writing project information to .firebaserc... 
[info] 
[info] +  Firebase initialization complete! 
[debug] [2025-03-10T09:15:19.548Z] Error: Timed out.
    at Timeout._onTimeout (C:\Users\Administrator\AppData\Roaming\npm\node_modules\firebase-tools\lib\utils.js:269:49)
    at listOnTimeout (node:internal/timers:594:17)
    at process.processTimers (node:internal/timers:529:7)
[error] 
[error] Error: An unexpected error has occurred.
